
AJUSTE DEL CONTINUO DE PASCHEN
FIT OF THE PASCHEN CONTINUUM
------------------------------

Puntos ajustados
x = 4561.021505376344 and y = -9.880158943965519
x = 3941.935483870967 and y = -9.655886314655174
x = 3911.8279569892466 and y = -9.648612607758622
Recta: -0.00035920060759124723 * x**2 -8.241753190192158

AJUSTE DEL CONTINUO DE BALMER
FIT OF THE BALMER CONTINUUM
------------------------------

Puntos ajustados
x = 3700.13440860215 and y = -9.768480603448277
x = 3598.5215053763436 and y = -9.741002155172415
x = 3536.424731182795 and y = -9.722413793103449
Recta: -0.00028031845413667477 * x**2 -8.731541164942108

AJUSTE DE LA ENVOLVENTE INFERIOR
FIT OF THE BOTTOM ENVELOPE
------------------------------

Puntos ajustados
x = 3712.81250982 and y = -9.77738470264
x = 3721.9114438 and y = -9.78916881768
x = 3733.28511129 and y = -9.80956744515
x = 3749.20824577 and y = -9.82485827736
x = 3769.68084725 and y = -9.84044694262
x = 3796.97764921 and y = -9.8539516957
x = 3835.64811867 and y = -9.8700724063
Parabola: 5.391083013434035e-06 * x**3 -0.041421623197689016 * x**2 +69.69562829211472
===========================================
Guardamos el ajuste
Save the fit
Parabola: 5.391083013434035e-06 * x**3 -0.041421623197689016 * x**2 +69.69562829211472
===========================================


AJUSTE DE LA ENVOLVENTE SUPERIOR
FIT OF THE UPPER ENVELOPE
--------------------------------

Puntos ajustados
x = 3708.26304282 and y = -9.77172466012
x = 3717.36197681 and y = -9.75779659824
x = 3728.7356443 and y = -9.737309521
x = 3742.38404528 and y = -9.7029688844
x = 3760.58191326 and y = -9.6680603561
Parabola: 4.508282812813372e-06 * x**3 -0.03164079074622153 * x**2 +45.56481903169728
===========================================
Guardamos el ajuste
Save the fit
Parabola: 4.508282812813372e-06 * x**3 -0.03164079074622153 * x**2 +45.56481903169728
===========================================


CALCULO D= D* + d
CALCULATE D= D* + d
--------------------------------

D= 0.20
La estrella no presenta un segundo salto
The star does not present a second jump

CALCULO LAMBDA_1
CALCULATE LAMBDA_1
--------------------------------

lambda_1=  53

CALCULO EL GRADIENTE DE COLOR
CALCULATE THE COLOR GRADIENT
--------------------------------

Phi= 0.62

################################
NORMALIZO EL ESPECTRO
SPECTRUM NORMALIZATION
--------------------------------


AJUSTE DEL CONTINUO DE PASCHEN
FIT OF THE PASCHEN CONTINUUM
------------------------------

Puntos ajustados
x = 0.000219236315957 and y = -8.7595441142
x = 0.000253642265325 and y = -8.73191489474
x = 0.000255707760049 and y = -8.73433557221
Recta: 740.608444802082 * x**2 -8.921797259434145
Puntos ajustados
x = 0.000219236315957 and y = -8.7595441142
x = 0.000253642265325 and y = -8.73191489474
x = 0.00024661290322580643 and y = -8.738469827586206
Recta: 793.6961003717789 * x**2 -8.933662140675862

AJUSTE DEL CONTINUO DE BALMER
FIT OF THE BALMER CONTINUUM
------------------------------

Puntos ajustados
x = 0.00027033134259 and y = -8.92769235934
x = 0.00027784910512 and y = -8.93357707063
x = 0.00028268817204301077 and y = -8.93728448275862
Recta: -776.8247409010252 * x**2 -8.71770487082254
Puntos ajustados
x = 0.00027033134259 and y = -8.92769235934
x = 0.00027784910512 and y = -8.93357707063
x = 0.0002851612903225807 and y = -8.941729525862069
Recta: -945.7747011825693 * x**2 -8.671615140854293
Puntos ajustados
x = 0.00027033134259 and y = -8.92769235934
x = 0.00027784910512 and y = -8.93357707063
x = 0.0002851612903225807 and y = -8.941729525862069
x = 0.0002729032258064516 and y = -8.927586206896551
Recta: -1006.8474657506197 * x**2 -8.65419130609737

AJUSTE DE LA ENVOLVENTE INFERIOR
FIT OF THE BOTTOM ENVELOPE
------------------------------

Puntos ajustados
x = 0.000269337597133 and y = -8.9300474935
x = 0.000268679149168 and y = -8.93870195305
x = 0.00026786060271 and y = -8.95519467525
x = 0.00026672298108 and y = -8.96502873471
x = 0.000265274446438 and y = -8.97362122654
x = 0.000263367365412 and y = -8.97783211446
x = 0.00026071213236 and y = -8.98085354983
Parabola: 1071606102.5395349 * x**3 -562477.1727563097 * x**2 +64.82739723748983
Puntos ajustados
x = 0.000269337597133 and y = -8.9300474935
x = 0.000268679149168 and y = -8.93870195305
x = 0.00026786060271 and y = -8.95519467525
x = 0.00026672298108 and y = -8.96502873471
x = 0.000265274446438 and y = -8.97362122654
x = 0.000263367365412 and y = -8.97783211446
x = 0.00026071213236 and y = -8.98085354983
x = 0.0002702688172043011 and y = -8.925969827586206
Parabola: 880578346.518952 * x**3 -461479.31430337933 * x**2 +51.47934158527786
Puntos ajustados
x = 0.000269337597133 and y = -8.9300474935
x = 0.000268679149168 and y = -8.93870195305
x = 0.00026786060271 and y = -8.95519467525
x = 0.00026672298108 and y = -8.96502873471
x = 0.000265274446438 and y = -8.97362122654
x = 0.00026071213236 and y = -8.98085354983
x = 0.0002702688172043011 and y = -8.925969827586206
Parabola: 913600313.8340319 * x**3 -478867.2014219712 * x**2 +53.76717027620181
===========================================
Guardamos el ajuste
Save the fit
Parabola: 913600313.8340319 * x**3 -478867.2014219712 * x**2 +53.76717027620181
===========================================


CALCULO D= D* + d
CALCULATE D= D* + d
--------------------------------

D= 0.21
La estrella no presenta un segundo salto
The star does not present a second jump

CALCULO LAMBDA_1
CALCULATE LAMBDA_1
--------------------------------

lambda_1=  56
