
AJUSTE DEL CONTINUO DE PASCHEN
FIT OF THE PASCHEN CONTINUUM
------------------------------

Puntos ajustados
x = 3903.89012358203 and y = -9.655762999607786
x = 4079.04460286805 and y = -9.719935894652853
x = 4265.57274964017 and y = -9.794933744159838
Recta: -0.0003849737497835939 * x**2 -8.151759595365878
Puntos ajustados
x = 3903.89012358203 and y = -9.655762999607786
x = 4079.04460286805 and y = -9.719935894652853
x = 4265.57274964017 and y = -9.794933744159838
Recta: -0.0003849737497835939 * x**2 -8.151759595365878

AJUSTE DEL CONTINUO DE BALMER
FIT OF THE BALMER CONTINUUM
------------------------------

Puntos ajustados
x = 3551.30643151278 and y = -9.735930563242068
x = 3473.96549260726 and y = -9.711146715834477
x = 3630.9221039155095 and y = -9.752468122538927
Recta: -0.0002629942068905251 * x**2 -8.799009368246905

AJUSTE DE LA ENVOLVENTE INFERIOR
FIT OF THE BOTTOM ENVELOPE
------------------------------

Puntos ajustados
x = 3712.81250981547 and y = -9.77738470264435
x = 3721.91144380435 and y = -9.789168817677476
x = 3733.28511129046 and y = -9.809567445145847
x = 3749.208245771 and y = -9.824858277364408
x = 3769.68084724599 and y = -9.840446942620149
x = 3796.97764921265 and y = -9.85395169569865
x = 3835.6481186654 and y = -9.870072406299368
x = 3887.96698910148 and y = -9.881820288843212
x = 3969.85739500144 and y = -9.913910085330205
x = 4101.79193784026 and y = -9.954832769140808
Parabola: 7.704881968398242e-07 * x**3 -0.006429499015923309 * x**2 +3.4590587531279224
===========================================
Guardamos el ajuste
Save the fit
Parabola: 7.704881968398242e-07 * x**3 -0.006429499015923309 * x**2 +3.4590587531279224
===========================================


AJUSTE DE LA ENVOLVENTE SUPERIOR
FIT OF THE UPPER ENVELOPE
--------------------------------

Puntos ajustados
x = 3708.26304282103 and y = -9.771724660124555
x = 3717.36197680991 and y = -9.757796598236654
x = 3728.73564429602 and y = -9.737309520995554
x = 3742.38404527934 and y = -9.70296888440085
x = 3760.58191325711 and y = -9.668060356102131
x = 3783.32924822932 and y = -9.648651548638734
x = 3812.90078369319 and y = -9.641345354329692
x = 3824.2744511793 and y = -9.666798256928626
x = 3849.29651964873 and y = -9.648561437864647
Parabola: -1.1874189000866666e-05 * x**3 +0.09056794954346982 * x**2 -182.3409697107407
===========================================
Guardamos el ajuste
Save the fit
Parabola: -1.1874189000866666e-05 * x**3 +0.09056794954346982 * x**2 -182.3409697107407
===========================================


CALCULO D= D* + d
CALCULATE D= D* + d
--------------------------------

D= 0.20
La estrella no presenta un segundo salto
The star does not present a second jump

CALCULO LAMBDA_1
CALCULATE LAMBDA_1
--------------------------------

lambda_1=  47

CALCULO EL GRADIENTE DE COLOR
CALCULATE THE COLOR GRADIENT
--------------------------------

Phi= 0.51
